<?xml version="1.0" encoding="UTF-8"?>
<!-- Generated by org.testng.reporters.JUnitXMLReporter -->
<testsuite ignored="2" hostname="DESKTOP-P34K40U" failures="0" tests="1" name="Default test" time="18.137" errors="0" timestamp="2024-03-30T09:28:11 IST">
  <testcase classname="LTIM.Assignment.FlipkartLinks" name="findingAllTheAvailableLinksByStream" time="0.138"/>
  <testcase classname="LTIM.Assignment.FlipkartLinks" name="findingAllTheAvailableLinksByParllalStream" time="0.0">
    <ignored/>
  </testcase> <!-- findingAllTheAvailableLinksByParllalStream -->
  <testcase classname="LTIM.Assignment.FlipkartLinks" name="findingAllTheAvailableLinks" time="0.0">
    <ignored/>
  </testcase> <!-- findingAllTheAvailableLinks -->
</testsuite> <!-- Default test -->
